android/build/outputs/logs/manifest-merger-debug-report.txt
-- Merging decision tree log ---
manifest
ADDED from MyGame\android\AndroidManifest.xml:2:1-29:12
INJECTED from MyGame\android\AndroidManifest.xml:2:1-29:12
INJECTED from MyGame\android\AndroidManifest.xml:2:1-29:12
INJECTED from MyGame\android\AndroidManifest.xml:2:1-29:12
INJECTED from MyGame\android\AndroidManifest.xml:2:1-29:12
	package
		ADDED from MyGame\android\AndroidManifest.xml:3:5-37
	android:versionName
		ADDED from MyGame\android\AndroidManifest.xml:5:5-30
		INJECTED from MyGame\android\AndroidManifest.xml
		INJECTED from MyGame\android\AndroidManifest.xml
	xmlns:android
		ADDED from MyGame\android\AndroidManifest.xml:2:11-69
	android:versionCode
		ADDED from MyGame\android\AndroidManifest.xml:4:5-28
		INJECTED from MyGame\android\AndroidManifest.xml
		INJECTED from MyGame\android\AndroidManifest.xml
uses-sdk
ADDED from MyGame\android\AndroidManifest.xml:7:5-73
	android:targetSdkVersion
		ADDED from MyGame\android\AndroidManifest.xml:7:41-70
	android:minSdkVersion
		ADDED from MyGame\android\AndroidManifest.xml:7:15-40
application
ADDED from MyGame\android\AndroidManifest.xml:9:5-27:19
	android:label
		ADDED from MyGame\android\AndroidManifest.xml:12:9-41
	android:icon
		ADDED from MyGame\android\AndroidManifest.xml:11:9-45
	android:allowBackup
		ADDED from MyGame\android\AndroidManifest.xml:10:9-35
	android:theme
		ADDED from MyGame\android\AndroidManifest.xml:13:9-40
activity#com.mygdx.game.android.ActivityForSwitch
ADDED from MyGame\android\AndroidManifest.xml:14:9-16:20
	android:screenOrientation
		ADDED from MyGame\android\AndroidManifest.xml:15:13-50
	android:name
		ADDED from MyGame\android\AndroidManifest.xml:14:19-52
activity#com.mygdx.game.android.LibgdxActivity
ADDED from MyGame\android\AndroidManifest.xml:17:9-26:20
	android:screenOrientation
		ADDED from MyGame\android\AndroidManifest.xml:20:13-50
	android:label
		ADDED from MyGame\android\AndroidManifest.xml:19:13-45
	android:configChanges
		ADDED from MyGame\android\AndroidManifest.xml:21:13-83
	android:name
		ADDED from MyGame\android\AndroidManifest.xml:18:13-43
intent-filter#android.intent.action.MAIN+android.intent.category.LAUNCHER
ADDED from MyGame\android\AndroidManifest.xml:22:13-25:29
action#android.intent.action.MAIN
ADDED from MyGame\android\AndroidManifest.xml:23:17-69
	android:name
		ADDED from MyGame\android\AndroidManifest.xml:23:25-66
category#android.intent.category.LAUNCHER
ADDED from MyGame\android\AndroidManifest.xml:24:17-77
	android:name
		ADDED from MyGame\android\AndroidManifest.xml:24:27-74